****                   ADMIXTURE Version 1.3.0                  ****
****                    Copyright 2008-2015                     ****
****           David Alexander, Suyash Shringarpure,            ****
****                John  Novembre, Ken Lange                   ****
****                                                            ****
****                 Please cite our paper!                     ****
****   Information at www.genetics.ucla.edu/software/admixture  ****

Cross-validation will be performed.  Folds=5.
Random seed: 43
Point estimation method: Block relaxation algorithm
Convergence acceleration algorithm: QuasiNewton, 3 secant conditions
Point estimation will terminate when objective function delta < 0.0001
Estimation of standard errors disabled; will compute point estimates only.
Size of G: 3202x5141
Performing five EM steps to prime main algorithm
1 (EM) 	Elapsed: 6.973	Loglikelihood: -1.64192e+07	(delta): 1.22621e+07
2 (EM) 	Elapsed: 7.042	Loglikelihood: -1.59667e+07	(delta): 452486
3 (EM) 	Elapsed: 7.018	Loglikelihood: -1.584e+07	(delta): 126707
4 (EM) 	Elapsed: 6.994	Loglikelihood: -1.57765e+07	(delta): 63479.9
5 (EM) 	Elapsed: 7.038	Loglikelihood: -1.57426e+07	(delta): 33863.6
Initial loglikelihood: -1.57426e+07
Starting main algorithm
1 (QN/Block) 	Elapsed: 9.622	Loglikelihood: -1.52813e+07	(delta): 461314
2 (QN/Block) 	Elapsed: 10.242	Loglikelihood: -1.51012e+07	(delta): 180090
3 (QN/Block) 	Elapsed: 14.537	Loglikelihood: -1.49853e+07	(delta): 115984
4 (QN/Block) 	Elapsed: 18.886	Loglikelihood: -1.49324e+07	(delta): 52834.5
5 (QN/Block) 	Elapsed: 21.121	Loglikelihood: -1.49301e+07	(delta): 2351.69
6 (QN/Block) 	Elapsed: 14.131	Loglikelihood: -1.493e+07	(delta): 82.1369
7 (QN/Block) 	Elapsed: 14.175	Loglikelihood: -1.493e+07	(delta): 7.97036
8 (QN/Block) 	Elapsed: 14.308	Loglikelihood: -1.493e+07	(delta): 0.181025
9 (QN/Block) 	Elapsed: 14.148	Loglikelihood: -1.493e+07	(delta): 0.0128545
10 (QN/Block) 	Elapsed: 16.453	Loglikelihood: -1.493e+07	(delta): 0.00531422
11 (QN/Block) 	Elapsed: 18.784	Loglikelihood: -1.493e+07	(delta): 0.00380432
12 (QN/Block) 	Elapsed: 21.096	Loglikelihood: -1.493e+07	(delta): 1.81943e-05
Summary: 
Converged in 12 iterations (269.158 sec)
Loglikelihood: -14929977.174261
Fst divergences between estimated populations: 
	Pop0	
Pop0	
Pop1	0.121	
CV error (K=2): 0.49710
Writing output files.
