****                   ADMIXTURE Version 1.3.0                  ****
****                    Copyright 2008-2015                     ****
****           David Alexander, Suyash Shringarpure,            ****
****                John  Novembre, Ken Lange                   ****
****                                                            ****
****                 Please cite our paper!                     ****
****   Information at www.genetics.ucla.edu/software/admixture  ****

Cross-validation will be performed.  Folds=5.
Random seed: 43
Point estimation method: Block relaxation algorithm
Convergence acceleration algorithm: QuasiNewton, 3 secant conditions
Point estimation will terminate when objective function delta < 0.0001
Estimation of standard errors disabled; will compute point estimates only.
Size of G: 3202x5141
Performing five EM steps to prime main algorithm
1 (EM) 	Elapsed: 23.077	Loglikelihood: -1.65541e+07	(delta): 9.03443e+06
2 (EM) 	Elapsed: 21.724	Loglikelihood: -1.60867e+07	(delta): 467346
3 (EM) 	Elapsed: 23.3	Loglikelihood: -1.59643e+07	(delta): 122427
4 (EM) 	Elapsed: 22.578	Loglikelihood: -1.58933e+07	(delta): 70966.3
5 (EM) 	Elapsed: 21.361	Loglikelihood: -1.5844e+07	(delta): 49334.1
Initial loglikelihood: -1.5844e+07
Starting main algorithm
1 (QN/Block) 	Elapsed: 18.074	Loglikelihood: -1.48748e+07	(delta): 969178
2 (QN/Block) 	Elapsed: 18.485	Loglikelihood: -1.47072e+07	(delta): 167582
3 (QN/Block) 	Elapsed: 26.278	Loglikelihood: -1.4606e+07	(delta): 101222
4 (QN/Block) 	Elapsed: 35.305	Loglikelihood: -1.45419e+07	(delta): 64135.1
5 (QN/Block) 	Elapsed: 35.673	Loglikelihood: -1.45284e+07	(delta): 13500.9
6 (QN/Block) 	Elapsed: 27.27	Loglikelihood: -1.45167e+07	(delta): 11644.5
7 (QN/Block) 	Elapsed: 28.128	Loglikelihood: -1.45122e+07	(delta): 4570.2
8 (QN/Block) 	Elapsed: 32.924	Loglikelihood: -1.45093e+07	(delta): 2829.21
9 (QN/Block) 	Elapsed: 36.666	Loglikelihood: -1.45085e+07	(delta): 879.523
10 (QN/Block) 	Elapsed: 40.805	Loglikelihood: -1.45066e+07	(delta): 1863.34
11 (QN/Block) 	Elapsed: 40.665	Loglikelihood: -1.45054e+07	(delta): 1197.05
12 (QN/Block) 	Elapsed: 40.62	Loglikelihood: -1.45047e+07	(delta): 738.886
13 (QN/Block) 	Elapsed: 31.578	Loglikelihood: -1.45034e+07	(delta): 1285.29
14 (QN/Block) 	Elapsed: 31.51	Loglikelihood: -1.45019e+07	(delta): 1447.56
15 (QN/Block) 	Elapsed: 40.158	Loglikelihood: -1.45008e+07	(delta): 1155.26
16 (QN/Block) 	Elapsed: 35.678	Loglikelihood: -1.45003e+07	(delta): 472.563
17 (QN/Block) 	Elapsed: 40.103	Loglikelihood: -1.44992e+07	(delta): 1127.59
18 (QN/Block) 	Elapsed: 40.327	Loglikelihood: -1.44988e+07	(delta): 353.525
19 (QN/Block) 	Elapsed: 31.908	Loglikelihood: -1.44985e+07	(delta): 290.982
20 (QN/Block) 	Elapsed: 31.558	Loglikelihood: -1.44984e+07	(delta): 168.015
21 (QN/Block) 	Elapsed: 27.266	Loglikelihood: -1.44983e+07	(delta): 42.3636
22 (QN/Block) 	Elapsed: 27.098	Loglikelihood: -1.44983e+07	(delta): 3.95663
23 (QN/Block) 	Elapsed: 27.076	Loglikelihood: -1.44983e+07	(delta): 0.725386
24 (QN/Block) 	Elapsed: 27.221	Loglikelihood: -1.44983e+07	(delta): 0.0379723
25 (QN/Block) 	Elapsed: 27.198	Loglikelihood: -1.44983e+07	(delta): 0.00146572
26 (QN/Block) 	Elapsed: 27.142	Loglikelihood: -1.44983e+07	(delta): 5.19846e-05
Summary: 
Converged in 26 iterations (1086.74 sec)
Loglikelihood: -14498305.287986
Fst divergences between estimated populations: 
	Pop0	Pop1	Pop2	
Pop0	
Pop1	0.128	
Pop2	0.205	0.136	
Pop3	0.155	0.106	0.119	
CV error (K=4): 0.47178
Writing output files.
