****                   ADMIXTURE Version 1.3.0                  ****
****                    Copyright 2008-2015                     ****
****           David Alexander, Suyash Shringarpure,            ****
****                John  Novembre, Ken Lange                   ****
****                                                            ****
****                 Please cite our paper!                     ****
****   Information at www.genetics.ucla.edu/software/admixture  ****

Cross-validation will be performed.  Folds=5.
Random seed: 43
Point estimation method: Block relaxation algorithm
Convergence acceleration algorithm: QuasiNewton, 3 secant conditions
Point estimation will terminate when objective function delta < 0.0001
Estimation of standard errors disabled; will compute point estimates only.
Size of G: 3202x5141
Performing five EM steps to prime main algorithm
1 (EM) 	Elapsed: 31.204	Loglikelihood: -1.65335e+07	(delta): 8.40275e+06
2 (EM) 	Elapsed: 31.297	Loglikelihood: -1.60815e+07	(delta): 452023
3 (EM) 	Elapsed: 31.332	Loglikelihood: -1.59735e+07	(delta): 107968
4 (EM) 	Elapsed: 31.319	Loglikelihood: -1.59101e+07	(delta): 63391.5
5 (EM) 	Elapsed: 31.25	Loglikelihood: -1.58649e+07	(delta): 45247.3
Initial loglikelihood: -1.58649e+07
Starting main algorithm
1 (QN/Block) 	Elapsed: 22.326	Loglikelihood: -1.47272e+07	(delta): 1.13768e+06
2 (QN/Block) 	Elapsed: 23.151	Loglikelihood: -1.45535e+07	(delta): 173665
3 (QN/Block) 	Elapsed: 32.978	Loglikelihood: -1.44739e+07	(delta): 79594.6
4 (QN/Block) 	Elapsed: 38.838	Loglikelihood: -1.44333e+07	(delta): 40621.8
5 (QN/Block) 	Elapsed: 39.707	Loglikelihood: -1.44246e+07	(delta): 8677.69
6 (QN/Block) 	Elapsed: 34.194	Loglikelihood: -1.44179e+07	(delta): 6758.45
7 (QN/Block) 	Elapsed: 34.344	Loglikelihood: -1.44122e+07	(delta): 5684.3
8 (QN/Block) 	Elapsed: 45.533	Loglikelihood: -1.44083e+07	(delta): 3851.56
9 (QN/Block) 	Elapsed: 45.647	Loglikelihood: -1.44072e+07	(delta): 1175.03
10 (QN/Block) 	Elapsed: 34.43	Loglikelihood: -1.44062e+07	(delta): 915.798
11 (QN/Block) 	Elapsed: 34.468	Loglikelihood: -1.44057e+07	(delta): 510.344
12 (QN/Block) 	Elapsed: 40.026	Loglikelihood: -1.44055e+07	(delta): 215.993
13 (QN/Block) 	Elapsed: 39.983	Loglikelihood: -1.44055e+07	(delta): 41.5059
14 (QN/Block) 	Elapsed: 34.426	Loglikelihood: -1.44055e+07	(delta): 15.2134
15 (QN/Block) 	Elapsed: 34.509	Loglikelihood: -1.44054e+07	(delta): 4.64973
16 (QN/Block) 	Elapsed: 34.453	Loglikelihood: -1.44054e+07	(delta): 1.77872
17 (QN/Block) 	Elapsed: 34.52	Loglikelihood: -1.44054e+07	(delta): 0.557732
18 (QN/Block) 	Elapsed: 34.516	Loglikelihood: -1.44054e+07	(delta): 0.0750375
19 (QN/Block) 	Elapsed: 34.499	Loglikelihood: -1.44054e+07	(delta): 0.0121337
20 (QN/Block) 	Elapsed: 34.462	Loglikelihood: -1.44054e+07	(delta): 0.000738956
21 (QN/Block) 	Elapsed: 34.569	Loglikelihood: -1.44054e+07	(delta): 6.50119e-05
Summary: 
Converged in 21 iterations (1055.49 sec)
Loglikelihood: -14405445.922873
Fst divergences between estimated populations: 
	Pop0	Pop1	Pop2	Pop3	
Pop0	
Pop1	0.206	
Pop2	0.135	0.141	
Pop3	0.159	0.120	0.109	
Pop4	0.126	0.133	0.061	0.085	
CV error (K=5): 0.46659
Writing output files.
