PLINK v2.0.0-a.6.9 64-bit (29 Jan 2025)
Options in effect:
  --keep results/keep_afr_continental.txt
  --out results/chr22_pca_afr_continental
  --pca 10
  --pfile results/chr22_pruned

Hostname: Timothys-MacBook-Pro.local
Working directory: /Users/tim/bioinformatics-portfolio/01-african-genomics
Start time: Sun Jun 21 18:51:39 2026

Random number seed: 1782064299
8192 MiB RAM detected; reserving 4096 MiB for main workspace.
Using up to 8 compute threads.
3202 samples (0 females, 0 males, 3202 ambiguous; 3202 founders) loaded from
results/chr22_pruned.psam.
5141 variants loaded from results/chr22_pruned.pvar.
Note: No phenotype data present.
--keep: 504 samples remaining.
504 samples (0 females, 0 males, 504 ambiguous; 504 founders) remaining after
main filters.
Calculating allele frequencies... done.
Constructing GRM: done.
Extracting eigenvalues and eigenvectors... done.
--pca: Eigenvectors written to results/chr22_pca_afr_continental.eigenvec , and
eigenvalues written to results/chr22_pca_afr_continental.eigenval .

End time: Sun Jun 21 18:51:39 2026
