PLINK v2.0.0-a.6.9 64-bit (29 Jan 2025)
Options in effect:
  --geno 0.02
  --indep-pairwise 50 10 0.1
  --maf 0.05
  --make-pgen
  --max-alleles 2
  --out results/chr22_qc
  --snps-only
  --vcf data/raw/1kGP_high_coverage_Illumina.chr22.filtered.SNV_INDEL_SV_phased_panel.vcf.gz

Hostname: Timothys-MacBook-Pro.local
Working directory: /Users/tim/bioinformatics-portfolio/01-african-genomics
Start time: Wed Jun 17 21:15:34 2026

Random number seed: 1781727334
8192 MiB RAM detected; reserving 4096 MiB for main workspace.
Using up to 8 compute threads.
--vcf: 1066557 variants scanned.
--vcf: results/chr22_qc-temporary.pgen + results/chr22_qc-temporary.pvar.zst +
results/chr22_qc-temporary.psam written.
3202 samples (0 females, 0 males, 3202 ambiguous; 3202 founders) loaded from
results/chr22_qc-temporary.psam.
925730 out of 1066557 variants loaded from results/chr22_qc-temporary.pvar.zst.
Note: No phenotype data present.
Calculating allele frequencies... done.
--geno: 0 variants removed due to missing genotype data.
823263 variants removed due to allele frequency threshold(s)
(--maf/--max-maf/--mac/--max-mac).
102467 variants remaining after main filters.
Writing results/chr22_qc.psam ... done.
Writing results/chr22_qc.pvar ... done.
Writing results/chr22_qc.pgen ... done.
--indep-pairwise (1 compute thread): 97326/102467 variants removed.
Variant lists written to results/chr22_qc.prune.in and
results/chr22_qc.prune.out .

End time: Wed Jun 17 21:15:54 2026
